[32008:20708:0710/115316.987:WARNING:leveldb_database.cc(106)] Unable to open C:\Users\srika\Youtube-Videos\chrome-data\Default\shared_proto_db: Invalid argument: C:\Users\srika\Youtube-Videos\chrome-data\Default\shared_proto_db: does not exist (create_if_missing is false)
[32008:34644:0710/115346.284:INFO:CONSOLE(42)] "<link rel=preload> must have a valid `as` value", source: https://www.youtube.com/watch?v=FcbHySyi7sc (42)
[32008:34644:0710/115346.496:INFO:CONSOLE(0)] "HTML Imports is deprecated and will be removed in M73, around March 2019. Please use ES modules instead. See https://www.chromestatus.com/features/5144752345317376 for more details.", source:  (0)
[32008:34644:0710/115346.632:INFO:CONSOLE(0)] "Refused to display 'https://accounts.google.com/ServiceLogin?passive=true&continue=https%3A%2F%2Fwww.youtube.com%2Fsignin%3Ffeature%3Dpassive%26app%3Ddesktop%26next%3D%252Fsignin_passive%26hl%3Den%26action_handle_signin%3Dtrue&hl=en&uilel=3&service=youtube' in a frame because it set 'X-Frame-Options' to 'deny'.", source: https://www.youtube.com/watch?v=FcbHySyi7sc (0)
[32008:34644:0710/115349.125:INFO:CONSOLE(15)] "chrome.loadTimes() is deprecated, instead use standardized API: nextHopProtocol in Navigation Timing 2. https://www.chromestatus.com/features/5637885046816768.", source: https://www.youtube.com/yts/jsbin/network-vfl3EpVxj/network.js (15)
[32008:34644:0710/115350.213:INFO:CONSOLE(0)] "The resource https://i.ytimg.com/generate_204 was preloaded using link preload but not used within a few seconds from the window's load event. Please make sure it has an appropriate `as` value and it is preloaded intentionally.", source:  (0)
[32008:34644:0710/115350.213:INFO:CONSOLE(0)] "The resource https://r4---sn-vgqsrnll.googlevideo.com/generate_204?conn2 was preloaded using link preload but not used within a few seconds from the window's load event. Please make sure it has an appropriate `as` value and it is preloaded intentionally.", source:  (0)
[32008:34644:0710/115350.213:INFO:CONSOLE(0)] "The resource https://r4---sn-vgqsrnll.googlevideo.com/generate_204 was preloaded using link preload but not used within a few seconds from the window's load event. Please make sure it has an appropriate `as` value and it is preloaded intentionally.", source:  (0)
[32008:34644:0710/122445.871:INFO:CONSOLE(42)] "<link rel=preload> must have a valid `as` value", source: https://www.youtube.com/watch?v=SnEyJ1lli_0 (42)
[32008:34644:0710/122446.054:INFO:CONSOLE(0)] "Refused to display 'https://accounts.google.com/ServiceLogin?uilel=3&passive=true&service=youtube&continue=https%3A%2F%2Fwww.youtube.com%2Fsignin%3Faction_handle_signin%3Dtrue%26next%3D%252Fsignin_passive%26feature%3Dpassive%26app%3Ddesktop%26hl%3Den&hl=en' in a frame because it set 'X-Frame-Options' to 'deny'.", source: https://www.youtube.com/watch?v=SnEyJ1lli_0 (0)
[32008:34644:0710/122446.152:INFO:CONSOLE(0)] "HTML Imports is deprecated and will be removed in M73, around March 2019. Please use ES modules instead. See https://www.chromestatus.com/features/5144752345317376 for more details.", source:  (0)
[32008:34644:0710/122449.448:INFO:CONSOLE(15)] "chrome.loadTimes() is deprecated, instead use standardized API: nextHopProtocol in Navigation Timing 2. https://www.chromestatus.com/features/5637885046816768.", source: https://www.youtube.com/yts/jsbin/network-vfl3EpVxj/network.js (15)
[32008:34644:0710/122450.423:INFO:CONSOLE(0)] "The resource https://r5---sn-vgqsknek.googlevideo.com/generate_204?conn2 was preloaded using link preload but not used within a few seconds from the window's load event. Please make sure it has an appropriate `as` value and it is preloaded intentionally.", source:  (0)
[32008:34644:0710/122450.424:INFO:CONSOLE(0)] "The resource https://i.ytimg.com/generate_204 was preloaded using link preload but not used within a few seconds from the window's load event. Please make sure it has an appropriate `as` value and it is preloaded intentionally.", source:  (0)
[32008:34644:0710/122450.424:INFO:CONSOLE(0)] "The resource https://r5---sn-vgqsknek.googlevideo.com/generate_204 was preloaded using link preload but not used within a few seconds from the window's load event. Please make sure it has an appropriate `as` value and it is preloaded intentionally.", source:  (0)
[32008:34644:0710/122828.857:INFO:CONSOLE(42)] "<link rel=preload> must have a valid `as` value", source: https://www.youtube.com/watch?v=0Lk4oYA5K7w (42)
[32008:34644:0710/122829.258:INFO:CONSOLE(0)] "HTML Imports is deprecated and will be removed in M73, around March 2019. Please use ES modules instead. See https://www.chromestatus.com/features/5144752345317376 for more details.", source:  (0)
[32008:34644:0710/122832.569:INFO:CONSOLE(15)] "chrome.loadTimes() is deprecated, instead use standardized API: nextHopProtocol in Navigation Timing 2. https://www.chromestatus.com/features/5637885046816768.", source: https://www.youtube.com/yts/jsbin/network-vfl3EpVxj/network.js (15)
[32008:34644:0710/122833.857:INFO:CONSOLE(0)] "The resource https://i.ytimg.com/generate_204 was preloaded using link preload but not used within a few seconds from the window's load event. Please make sure it has an appropriate `as` value and it is preloaded intentionally.", source:  (0)
[32008:34644:0710/122833.858:INFO:CONSOLE(0)] "The resource https://r4---sn-vgqsener.googlevideo.com/generate_204 was preloaded using link preload but not used within a few seconds from the window's load event. Please make sure it has an appropriate `as` value and it is preloaded intentionally.", source:  (0)
[32008:34644:0710/122833.858:INFO:CONSOLE(0)] "The resource https://r4---sn-vgqsener.googlevideo.com/generate_204?conn2 was preloaded using link preload but not used within a few seconds from the window's load event. Please make sure it has an appropriate `as` value and it is preloaded intentionally.", source:  (0)
[32008:34644:0710/122950.915:INFO:CONSOLE(42)] "<link rel=preload> must have a valid `as` value", source: https://www.youtube.com/watch?v=FcbHySyi7sc (42)
[32008:34644:0710/122951.192:INFO:CONSOLE(0)] "HTML Imports is deprecated and will be removed in M73, around March 2019. Please use ES modules instead. See https://www.chromestatus.com/features/5144752345317376 for more details.", source:  (0)
[32008:34644:0710/122954.638:INFO:CONSOLE(15)] "chrome.loadTimes() is deprecated, instead use standardized API: nextHopProtocol in Navigation Timing 2. https://www.chromestatus.com/features/5637885046816768.", source: https://www.youtube.com/yts/jsbin/network-vfl3EpVxj/network.js (15)
[32008:34644:0710/122955.258:INFO:CONSOLE(0)] "The resource https://r4---sn-vgqskn7l.googlevideo.com/generate_204?conn2 was preloaded using link preload but not used within a few seconds from the window's load event. Please make sure it has an appropriate `as` value and it is preloaded intentionally.", source:  (0)
[32008:34644:0710/122955.258:INFO:CONSOLE(0)] "The resource https://i.ytimg.com/generate_204 was preloaded using link preload but not used within a few seconds from the window's load event. Please make sure it has an appropriate `as` value and it is preloaded intentionally.", source:  (0)
[32008:34644:0710/122955.260:INFO:CONSOLE(0)] "The resource https://r4---sn-vgqskn7l.googlevideo.com/generate_204 was preloaded using link preload but not used within a few seconds from the window's load event. Please make sure it has an appropriate `as` value and it is preloaded intentionally.", source:  (0)
[32008:16140:0710/134255.594:ERROR:browser_process_sub_thread.cc(221)] Waited 35 ms for network service
[32008:34644:0710/134255.608:WARNING:pref_notifier_impl.cc(36)] Pref observer for third_party_blocking_enabled found at shutdown.
[32008:34644:0710/134255.608:WARNING:pref_notifier_impl.cc(36)] Pref observer for browser.relaunch_notification_period found at shutdown.
[32008:34644:0710/134255.608:WARNING:pref_notifier_impl.cc(36)] Pref observer for media_router.cast_allow_all_ips found at shutdown.
